-------------------------------------------------------------------------------
Test set: edu.ncsu.csc326.coffeemaker.CoffeeMakerTest
-------------------------------------------------------------------------------
Tests run: 17, Failures: 7, Errors: 0, Skipped: 0, Time elapsed: 0.188 s <<< FAILURE! - in edu.ncsu.csc326.coffeemaker.CoffeeMakerTest
testInventoryIsUpdatedAfterAdding  Time elapsed: 0.02 s  <<< FAILURE!
org.opentest4j.AssertionFailedError: Inventory failed to update
	at edu.ncsu.csc326.coffeemaker.CoffeeMakerTest.testInventoryIsUpdatedAfterAdding(CoffeeMakerTest.java:145)

testAddNewRecipeWithLargeNumbers  Time elapsed: 0.005 s  <<< FAILURE!
org.opentest4j.AssertionFailedError: expected: java.lang.String@561b6512<1000000> but was: java.lang.Integer@2e377400<1000000>
	at edu.ncsu.csc326.coffeemaker.CoffeeMakerTest.testAddNewRecipeWithLargeNumbers(CoffeeMakerTest.java:90)

testDeleteRecipe  Time elapsed: 0.004 s  <<< FAILURE!
org.opentest4j.AssertionFailedError: expected: <Mocha> but was: <>
	at edu.ncsu.csc326.coffeemaker.CoffeeMakerTest.testDeleteRecipe(CoffeeMakerTest.java:106)

purchaseUsingTextInput  Time elapsed: 0.005 s  <<< FAILURE!
org.opentest4j.AssertionFailedError: Unexpected exception type thrown ==> expected: <java.lang.NumberFormatException> but was: <java.lang.NoSuchMethodException>
	at edu.ncsu.csc326.coffeemaker.CoffeeMakerTest.purchaseUsingTextInput(CoffeeMakerTest.java:207)
Caused by: java.lang.NoSuchMethodException: edu.ncsu.csc326.coffeemaker.Main.recipeListSelection()
	at edu.ncsu.csc326.coffeemaker.CoffeeMakerTest.lambda$4(CoffeeMakerTest.java:211)
	at edu.ncsu.csc326.coffeemaker.CoffeeMakerTest.purchaseUsingTextInput(CoffeeMakerTest.java:207)

testShouldFailAddLargeAmountsToInventory  Time elapsed: 0.002 s  <<< FAILURE!
org.opentest4j.AssertionFailedError: 
expected: <Coffee: 15
Milk: 15
Sugar: 15
Chocolate: 15
> but was: <Coffee: 1000015
Milk: 1000015
Sugar: 15
Chocolate: 100015
>
	at edu.ncsu.csc326.coffeemaker.CoffeeMakerTest.testShouldFailAddLargeAmountsToInventory(CoffeeMakerTest.java:170)

testInventoryIsUpdatedAfterPurchase  Time elapsed: 0.002 s  <<< FAILURE!
org.opentest4j.AssertionFailedError: 
expected: <Coffee: 12
Milk: 14
Sugar: 14
Chocolate: 15
> but was: <Coffee: 18
Milk: 14
Sugar: 14
Chocolate: 15
>
	at edu.ncsu.csc326.coffeemaker.CoffeeMakerTest.testInventoryIsUpdatedAfterPurchase(CoffeeMakerTest.java:158)

testAddInventoryWithLargeNumbers  Time elapsed: 0.003 s  <<< FAILURE!
org.opentest4j.AssertionFailedError: Expected edu.ncsu.csc326.coffeemaker.exceptions.InventoryException to be thrown, but nothing was thrown.
	at edu.ncsu.csc326.coffeemaker.CoffeeMakerTest.testAddInventoryWithLargeNumbers(CoffeeMakerTest.java:95)

