-------------------------------------------------------------------------------
Test set: edu.ncsu.csc326.coffeemaker.CoffeeMakerTest
-------------------------------------------------------------------------------
Tests run: 16, Failures: 7, Errors: 0, Skipped: 0, Time elapsed: 0.134 s <<< FAILURE! - in edu.ncsu.csc326.coffeemaker.CoffeeMakerTest
testInventoryIsUpdatedAfterAdding  Time elapsed: 0.015 s  <<< FAILURE!
org.opentest4j.AssertionFailedError: Inventory failed to update
	at edu.ncsu.csc326.coffeemaker.CoffeeMakerTest.testInventoryIsUpdatedAfterAdding(CoffeeMakerTest.java:143)

testAddNewRecipeWithLargeNumbers  Time elapsed: 0.005 s  <<< FAILURE!
org.opentest4j.AssertionFailedError: expected: java.lang.String@f79e<1000000> but was: java.lang.Integer@7ee8290b<1000000>
	at edu.ncsu.csc326.coffeemaker.CoffeeMakerTest.testAddNewRecipeWithLargeNumbers(CoffeeMakerTest.java:95)

testDeleteRecipe  Time elapsed: 0.003 s  <<< FAILURE!
org.opentest4j.AssertionFailedError: expected: <Mocha> but was: <>
	at edu.ncsu.csc326.coffeemaker.CoffeeMakerTest.testDeleteRecipe(CoffeeMakerTest.java:104)

purchaseUsingTextInput  Time elapsed: 0.005 s  <<< FAILURE!
org.opentest4j.AssertionFailedError: Unexpected exception type thrown ==> expected: <java.lang.NumberFormatException> but was: <java.lang.NoSuchMethodException>
	at edu.ncsu.csc326.coffeemaker.CoffeeMakerTest.purchaseUsingTextInput(CoffeeMakerTest.java:205)
Caused by: java.lang.NoSuchMethodException: edu.ncsu.csc326.coffeemaker.Main.recipeListSelection()
	at edu.ncsu.csc326.coffeemaker.CoffeeMakerTest.lambda$5(CoffeeMakerTest.java:209)
	at edu.ncsu.csc326.coffeemaker.CoffeeMakerTest.purchaseUsingTextInput(CoffeeMakerTest.java:205)

testShouldFailAddLargeAmountsToInventory  Time elapsed: 0.002 s  <<< FAILURE!
org.opentest4j.AssertionFailedError: 
expected: <Coffee: 15
Milk: 15
Sugar: 15
Chocolate: 15
> but was: <Coffee: 1000015
Milk: 1000015
Sugar: 15
Chocolate: 100015
>
	at edu.ncsu.csc326.coffeemaker.CoffeeMakerTest.testShouldFailAddLargeAmountsToInventory(CoffeeMakerTest.java:168)

testRecipeBookIndexOutOfBounds  Time elapsed: 0.008 s  <<< FAILURE!
org.opentest4j.AssertionFailedError: threw an exception - Index out of bounds ==> Unexpected exception thrown: java.lang.ArrayIndexOutOfBoundsException: Index 5 out of bounds for length 4
	at edu.ncsu.csc326.coffeemaker.CoffeeMakerTest.testRecipeBookIndexOutOfBounds(CoffeeMakerTest.java:66)
Caused by: java.lang.ArrayIndexOutOfBoundsException: Index 5 out of bounds for length 4
	at edu.ncsu.csc326.coffeemaker.CoffeeMakerTest.lambda$0(CoffeeMakerTest.java:71)
	at edu.ncsu.csc326.coffeemaker.CoffeeMakerTest.testRecipeBookIndexOutOfBounds(CoffeeMakerTest.java:66)

testInventoryIsUpdatedAfterPurchase  Time elapsed: 0.001 s  <<< FAILURE!
org.opentest4j.AssertionFailedError: 
expected: <Coffee: 12
Milk: 14
Sugar: 14
Chocolate: 15
> but was: <Coffee: 18
Milk: 14
Sugar: 14
Chocolate: 15
>
	at edu.ncsu.csc326.coffeemaker.CoffeeMakerTest.testInventoryIsUpdatedAfterPurchase(CoffeeMakerTest.java:156)

