<?xml version="1.0" encoding="UTF-8"?>
<testsuite xmlns:xsi="http://www.w3.org/2001/XMLSchema-instance" xsi:noNamespaceSchemaLocation="https://maven.apache.org/surefire/maven-surefire-plugin/xsd/surefire-test-report.xsd" name="edu.ncsu.csc326.coffeemaker.AddSugarTest" time="0" tests="4" errors="0" skipped="0" failures="2">
  <properties>
[...]
</properties>
  <testcase name="testAddSugarNegativeNumber" classname="edu.ncsu.csc326.coffeemaker.AddSugarTest" time="0">
    <failure message="expected edu.ncsu.csc326.coffeemaker.exceptions.InventoryException to be thrown, but nothing was thrown" type="java.lang.AssertionError">java.lang.AssertionError: expected edu.ncsu.csc326.coffeemaker.exceptions.InventoryException to be thrown, but nothing was thrown
	at edu.ncsu.csc326.coffeemaker.AddSugarTest.testAddSugarNegativeNumber(AddSugarTest.java:33)
</failure>
  </testcase>
  <testcase name="testAddSugarPositiveDecimalExpectFail" classname="edu.ncsu.csc326.coffeemaker.AddSugarTest" time="0"/>
  <testcase name="testAddSugarPositiveNumber" classname="edu.ncsu.csc326.coffeemaker.AddSugarTest" time="0">
    <failure message="Failed to add sugar." type="org.opentest4j.AssertionFailedError">org.opentest4j.AssertionFailedError: Failed to add sugar.
	at edu.ncsu.csc326.coffeemaker.AddSugarTest.testAddSugarPositiveNumber(AddSugarTest.java:26)
</failure>
  </testcase>
  <testcase name="testAddSugarNonNumericExpectFail" classname="edu.ncsu.csc326.coffeemaker.AddSugarTest" time="0"/>
</testsuite>