<?xml version="1.0" encoding="UTF-8"?>
<testsuite xmlns:xsi="http://www.w3.org/2001/XMLSchema-instance" xsi:noNamespaceSchemaLocation="https://maven.apache.org/surefire/maven-surefire-plugin/xsd/surefire-test-report.xsd" name="edu.ncsu.csc326.coffeemaker.AssignmentTests" time="0.026" tests="16" errors="0" skipped="0" failures="8">
  <properties>
[...]
</properties>
  <testcase name="RecipeExceptionThrown_thenExpectationSatisfied" classname="edu.ncsu.csc326.coffeemaker.AssignmentTests" time="0"/>
  <testcase name="addFailedRecipeThenPurchase" classname="edu.ncsu.csc326.coffeemaker.AssignmentTests" time="0"/>
  <testcase name="testDeleteAndTryPurchase" classname="edu.ncsu.csc326.coffeemaker.AssignmentTests" time="0"/>
  <testcase name="testShouldFailEditRecipeUsingTextInput" classname="edu.ncsu.csc326.coffeemaker.AssignmentTests" time="0">
    <failure message="Unexpected exception type thrown ==&gt; expected: &lt;edu.ncsu.csc326.coffeemaker.exceptions.InventoryException&gt; but was: &lt;edu.ncsu.csc326.coffeemaker.exceptions.RecipeException&gt;" type="org.opentest4j.AssertionFailedError"><![CDATA[org.opentest4j.AssertionFailedError: Unexpected exception type thrown ==> expected: <edu.ncsu.csc326.coffeemaker.exceptions.InventoryException> but was: <edu.ncsu.csc326.coffeemaker.exceptions.RecipeException>
	at edu.ncsu.csc326.coffeemaker.AssignmentTests.testShouldFailEditRecipeUsingTextInput(AssignmentTests.java:134)
Caused by: edu.ncsu.csc326.coffeemaker.exceptions.RecipeException: Units of chocolate must be a positive integer
	at edu.ncsu.csc326.coffeemaker.AssignmentTests.lambda$1(AssignmentTests.java:135)
	at edu.ncsu.csc326.coffeemaker.AssignmentTests.testShouldFailEditRecipeUsingTextInput(AssignmentTests.java:134)
]]></failure>
  </testcase>
  <testcase name="testInventoryIsUpdatedAfterUpdate" classname="edu.ncsu.csc326.coffeemaker.AssignmentTests" time="0">
    <failure type="org.opentest4j.AssertionFailedError:">org.opentest4j.AssertionFailedError: 
	at edu.ncsu.csc326.coffeemaker.AssignmentTests.testInventoryIsUpdatedAfterUpdate(AssignmentTests.java:164)
</failure>
  </testcase>
  <testcase name="testAddNewRecipeWithLargeNumbers" classname="edu.ncsu.csc326.coffeemaker.AssignmentTests" time="0">
    <failure message="expected: java.lang.String@548e6d58&lt;1000000&gt; but was: java.lang.Integer@623a8092&lt;1000000&gt;" type="org.opentest4j.AssertionFailedError"><![CDATA[org.opentest4j.AssertionFailedError: expected: java.lang.String@548e6d58<1000000> but was: java.lang.Integer@623a8092<1000000>
	at edu.ncsu.csc326.coffeemaker.AssignmentTests.testAddNewRecipeWithLargeNumbers(AssignmentTests.java:105)
]]></failure>
  </testcase>
  <testcase name="testDeleteRecipe" classname="edu.ncsu.csc326.coffeemaker.AssignmentTests" time="0">
    <failure message="expected: &lt;Mocha&gt; but was: &lt;Coffee&gt;" type="org.opentest4j.AssertionFailedError"><![CDATA[org.opentest4j.AssertionFailedError: expected: <Mocha> but was: <Coffee>
	at edu.ncsu.csc326.coffeemaker.AssignmentTests.testDeleteRecipe(AssignmentTests.java:112)
]]></failure>
  </testcase>
  <testcase name="testEditRecipeWithCorrectInput" classname="edu.ncsu.csc326.coffeemaker.AssignmentTests" time="0"/>
  <testcase name="testAddNewRecipeWithAllParameters" classname="edu.ncsu.csc326.coffeemaker.AssignmentTests" time="0"/>
  <testcase name="testAddNegativeAmountsToInventory" classname="edu.ncsu.csc326.coffeemaker.AssignmentTests" time="0"/>
  <testcase name="testAddNewRecipeWithExistingName" classname="edu.ncsu.csc326.coffeemaker.AssignmentTests" time="0">
    <failure message="expected: &lt;1&gt; but was: &lt;4&gt;" type="org.opentest4j.AssertionFailedError"><![CDATA[org.opentest4j.AssertionFailedError: expected: <1> but was: <4>
	at edu.ncsu.csc326.coffeemaker.AssignmentTests.testAddNewRecipeWithExistingName(AssignmentTests.java:82)
]]></failure>
  </testcase>
  <testcase name="purchaseUsingTextInput" classname="edu.ncsu.csc326.coffeemaker.AssignmentTests" time="0">
    <failure message="Unexpected exception type thrown ==&gt; expected: &lt;java.lang.NumberFormatException&gt; but was: &lt;java.lang.NoSuchMethodException&gt;" type="org.opentest4j.AssertionFailedError"><![CDATA[org.opentest4j.AssertionFailedError: Unexpected exception type thrown ==> expected: <java.lang.NumberFormatException> but was: <java.lang.NoSuchMethodException>
	at edu.ncsu.csc326.coffeemaker.AssignmentTests.purchaseUsingTextInput(AssignmentTests.java:225)
Caused by: java.lang.NoSuchMethodException: edu.ncsu.csc326.coffeemaker.Main.recipeListSelection()
	at edu.ncsu.csc326.coffeemaker.AssignmentTests.lambda$3(AssignmentTests.java:229)
	at edu.ncsu.csc326.coffeemaker.AssignmentTests.purchaseUsingTextInput(AssignmentTests.java:225)
]]></failure>
  </testcase>
  <testcase name="testAddLargeAmountsToInventoryShouldFail" classname="edu.ncsu.csc326.coffeemaker.AssignmentTests" time="0.003">
    <failure message="No exception should be thrown" type="org.opentest4j.AssertionFailedError">org.opentest4j.AssertionFailedError: No exception should be thrown
	at edu.ncsu.csc326.coffeemaker.AssignmentTests.testAddLargeAmountsToInventoryShouldFail(AssignmentTests.java:183)
</failure>
  </testcase>
  <testcase name="testDeleteRecipeThatDoesntExist" classname="edu.ncsu.csc326.coffeemaker.AssignmentTests" time="0.005">
    <failure message="expected: &lt;null&gt; but was: &lt;&gt;" type="org.opentest4j.AssertionFailedError"><![CDATA[org.opentest4j.AssertionFailedError: expected: <null> but was: <>
	at edu.ncsu.csc326.coffeemaker.AssignmentTests.testDeleteRecipeThatDoesntExist(AssignmentTests.java:120)
]]></failure>
  </testcase>
  <testcase name="testInventoryIsUpdatedAfterPurchase" classname="edu.ncsu.csc326.coffeemaker.AssignmentTests" time="0.002"/>
  <testcase name="testPurchaseItemThatDoesntExist" classname="edu.ncsu.csc326.coffeemaker.AssignmentTests" time="0.004"/>
</testsuite>