<?xml version="1.0" encoding="UTF-8"?>
<testsuite xmlns:xsi="http://www.w3.org/2001/XMLSchema-instance" xsi:noNamespaceSchemaLocation="https://maven.apache.org/surefire/maven-surefire-plugin/xsd/surefire-test-report.xsd" name="edu.ncsu.csc326.coffeemaker.ExampleTest" time="0.001" tests="3" errors="2" skipped="0" failures="1">
  <properties>
[...]
</properties>
  <testcase name="testAddInventoryException" classname="edu.ncsu.csc326.coffeemaker.ExampleTest" time="0">
    <failure message="Unexpected exception type thrown ==&gt; expected: &lt;edu.ncsu.csc326.coffeemaker.exceptions.InventoryException&gt; but was: &lt;java.lang.NullPointerException&gt;" type="org.opentest4j.AssertionFailedError"><![CDATA[org.opentest4j.AssertionFailedError: Unexpected exception type thrown ==> expected: <edu.ncsu.csc326.coffeemaker.exceptions.InventoryException> but was: <java.lang.NullPointerException>
	at edu.ncsu.csc326.coffeemaker.ExampleTest.testAddInventoryException(ExampleTest.java:81)
Caused by: java.lang.NullPointerException: Cannot invoke "edu.ncsu.csc326.coffeemaker.CoffeeMaker.addInventory(String, String, String, String)" because "this.cm" is null
	at edu.ncsu.csc326.coffeemaker.ExampleTest.lambda$testAddInventoryException$0(ExampleTest.java:83)
	at edu.ncsu.csc326.coffeemaker.ExampleTest.testAddInventoryException(ExampleTest.java:81)
]]></failure>
  </testcase>
  <testcase name="testAddInventory_Normal" classname="edu.ncsu.csc326.coffeemaker.ExampleTest" time="0">
    <error message="Cannot invoke &quot;edu.ncsu.csc326.coffeemaker.CoffeeMaker.addInventory(String, String, String, String)&quot; because &quot;this.cm&quot; is null" type="java.lang.NullPointerException">java.lang.NullPointerException: Cannot invoke "edu.ncsu.csc326.coffeemaker.CoffeeMaker.addInventory(String, String, String, String)" because "this.cm" is null
	at edu.ncsu.csc326.coffeemaker.ExampleTest.testAddInventory_Normal(ExampleTest.java:69)
</error>
  </testcase>
  <testcase name="testMakeCoffee_Normal" classname="edu.ncsu.csc326.coffeemaker.ExampleTest" time="0">
    <error message="Cannot invoke &quot;edu.ncsu.csc326.coffeemaker.CoffeeMaker.addRecipe(edu.ncsu.csc326.coffeemaker.Recipe)&quot; because &quot;this.cm&quot; is null" type="java.lang.NullPointerException">java.lang.NullPointerException: Cannot invoke "edu.ncsu.csc326.coffeemaker.CoffeeMaker.addRecipe(edu.ncsu.csc326.coffeemaker.Recipe)" because "this.cm" is null
	at edu.ncsu.csc326.coffeemaker.ExampleTest.testMakeCoffee_Normal(ExampleTest.java:90)
</error>
  </testcase>
</testsuite>